[superbiden.xyz/index.html]
[backblue.gif]
[fade.gif]
[index.html]
[superbiden.xyz/5b045782b4bf3e789eb551e81716bd26.png]
[superbiden.xyz/edc73fde086098b3b65796ab1ee8069f.png]
[superbiden.xyz/7a36e1e2be09210d977b0b2baa5d33c1.png]
[superbiden.xyz/b2240b1f99e3f13c693d072a1251c2fa.png]
[superbiden.xyz/fonts/63d841efb1b758ddc28f9b63a508b752.woff2]
[superbiden.xyz/fonts/a5be6bb0710e4a5f439e10b89ab61986.woff2]
[superbiden.xyz/fonts/aba862f96228fd00375144d674fe60f9.woff2]
[superbiden.xyz/fonts/25601d3e8fee8ed656e551a70b8f78cf.woff2]
[superbiden.xyz/fonts/226618464330c99b64fcaf1d7142c1e7.woff2]
[superbiden.xyz/fonts/e532966f486645f74efaf7432e1d01c2.woff2]
[superbiden.xyz/fonts/3caeb8725430f400cbc24c4707d72558.woff2]
[superbiden.xyz/fonts/64dfd027222a62438bc2a4d821786c71.woff2]
[superbiden.xyz/fonts/01bb491de5070339bf99832ce44c544d.woff2]
[superbiden.xyz/fonts/a75cdabbb8dcdf033cc6b207c91608bf.woff2]
[superbiden.xyz/fonts/a26fb2e545ea4d91b9808446bd10482b.woff2]
[superbiden.xyz/fonts/93216375a15a0334d096957c3f1f2f0f.woff2]
[superbiden.xyz/fonts/25abf53e02c93eae5597e8148dad52a6.woff2]
[superbiden.xyz/fonts/f8f199f09526f79e87644ed227e0f651.woff2]
[superbiden.xyz/fonts/98c4d2c0223fc8474641c77f923528e9.woff2]
[superbiden.xyz/fonts/d257a7100844bc3f98c9021168b6249e.woff2]
[superbiden.xyz/fonts/1060345c54d396e76d73f1da7ee200bd.woff2]
[superbiden.xyz/'data_image/png;base64,']
[superbiden.xyz/images/d479c1d8962873ffc5f92e8d6a4b80df.jpg]
[superbiden.xyz/js/939898b427480d700449229ff00dbb8a6f9f77442b532f697866e6914ab8843a.js]
[superbiden.xyz/index.html]
[superbiden.xyz/'data_image/png;base64,'.html]
[superbiden.xyz/js/388fb330498371d4935abbff11d34d4c30842ca3c4a128cdd290d29db98acb41.js]
